<?xml version="1.0" encoding="UTF-8"?>
<testng-results skipped="0" failed="0" ignored="0" total="1" passed="1">
  <reporter-output>
  </reporter-output>
  <suite name="Default suite" duration-ms="265" started-at="2019-08-05T06:25:05Z" finished-at="2019-08-05T06:25:06Z">
    <groups>
    </groups>
    <test name="Default test" duration-ms="265" started-at="2019-08-05T06:25:05Z" finished-at="2019-08-05T06:25:06Z">
      <class name="Sample.sample2">
        <test-method status="PASS" signature="report()[pri:0, instance:Sample.sample2@396a51ab]" name="report" duration-ms="218" started-at="2019-08-05T06:25:05Z" finished-at="2019-08-05T06:25:06Z">
          <reporter-output>
          </reporter-output>
        </test-method> <!-- report -->
      </class> <!-- Sample.sample2 -->
    </test> <!-- Default test -->
  </suite> <!-- Default suite -->
</testng-results>
